#
# A fatal error has been detected by the Java Runtime Environment:
#
#  EXCEPTION_ACCESS_VIOLATION (0xc0000005) at pc=0x0000000070cc5da5, pid=10652, tid=0x0000000000000188
#
# JRE version: Java(TM) SE Runtime Environment (8.0_141-b15) (build 1.8.0_141-b15)
# Java VM: Java HotSpot(TM) 64-Bit Server VM (25.141-b15 mixed mode windows-amd64 compressed oops)
# Problematic frame:
# V  [jvm.dll+0x125da5]
#
# Failed to write core dump. Minidumps are not enabled by default on client versions of Windows
#
# If you would like to submit a bug report, please visit:
#   http://bugreport.java.com/bugreport/crash.jsp
#

---------------  T H R E A D  ---------------

Current thread (0x000000001ee17000):  JavaThread "TestRunner thread" daemon [_thread_in_vm, id=392, stack(0x000000001fa20000,0x000000001fb20000)]

siginfo: ExceptionCode=0xc0000005, reading address 0x00000004ce3b0cf0

Registers:
RAX=0x00004486ac955e17, RBX=0x000000001ee1c0e0, RCX=0x00000004ce3b0ce8, RDX=0x000000076c5939f0
RSP=0x000000001fb1db50, RBP=0x00000000000003d8, RSI=0x000000001ec7c490, RDI=0x000000001ee17000
R8 =0x000000076c593a28, R9 =0x0000000000000000, R10=0x000000007139f240, R11=0x000000000346b600
R12=0x000000001ec7c4a0, R13=0x000000001ec7c878, R14=0x000000001fb1dec8, R15=0x000000001ee17000
RIP=0x0000000070cc5da5, EFLAGS=0x0000000000010206

Top of Stack: (sp=0x000000001fb1db50)
0x000000001fb1db50:   00004486ac955f67 00000000fffffffe
0x000000001fb1db60:   000000001c3a81b0 0000000070dd6fad
0x000000001fb1db70:   000000001fb1dce0 000000001ee17000
0x000000001fb1db80:   000000001c3a81b0 000000001ee17000
0x000000001fb1db90:   000000001fb1de10 00004486ac955e17
0x000000001fb1dba0:   000000001ee1c0e0 0000000070fea61b
0x000000001fb1dbb0:   000000001fb1dcb0 0000000070c63467
0x000000001fb1dbc0:   000000001c3a81b0 000000001ee17000
0x000000001fb1dbd0:   000000001fb1de58 0000000000000000
0x000000001fb1dbe0:   00000004ce3b0ce8 000000000336c3aa
0x000000001fb1dbf0:   000000001ee17000 000000001c6f48d0
0x000000001fb1dc00:   000000001fb1dde0 000000076c5939f0
0x000000001fb1dc10:   000000001c3a81b0 0000000000000000
0x000000001fb1dc20:   0000000000000000 0000000000000000
0x000000001fb1dc30:   0000000000000000 0000000000000000
0x000000001fb1dc40:   0000000000000000 0000000000000000 

Instructions: (pc=0x0000000070cc5da5)
0x0000000070cc5d85:   00 00 48 8b 00 c3 cc cc cc cc cc 40 53 48 83 ec
0x0000000070cc5d95:   50 48 8b 05 23 67 6c 00 48 33 c4 48 89 44 24 48
0x0000000070cc5da5:   83 79 08 00 48 8b d9 0f 8e b9 00 00 00 0f b6 81
0x0000000070cc5db5:   0e 01 00 00 c0 e8 03 a8 01 0f 84 a7 00 00 00 48 


Register to memory mapping:

RAX=0x00004486ac955e17 is an unknown value
RBX=0x000000001ee1c0e0 is an unknown value
RCX=0x00000004ce3b0ce8 is an unknown value
RDX=0x000000076c5939f0 is an oop

[error occurred during error reporting (printing register info), id 0xc0000005]

Stack: [0x000000001fa20000,0x000000001fb20000],  sp=0x000000001fb1db50,  free space=1014k
Native frames: (J=compiled Java code, j=interpreted, Vv=VM code, C=native code)
V  [jvm.dll+0x125da5]
V  [jvm.dll+0x44a61b]
C  0x000000000336c3aa

Java frames: (J=compiled Java code, j=interpreted, Vv=VM code)
v  ~RuntimeStub::throw_class_cast_exception Runtime1 stub
J 377 C1 java.lang.Class.reflectionData()Ljava/lang/Class$ReflectionData; (49 bytes) @ 0x000000000346ba0b [0x000000000346b5e0+0x42b]
j  java.lang.Class.privateGetDeclaredFields(Z)[Ljava/lang/reflect/Field;+4
j  java.lang.Class.getDeclaredFields()[Ljava/lang/reflect/Field;+11
j  org.powermock.reflect.internal.WhiteboxImpl.getField(Ljava/lang/Class;Ljava/lang/String;)Ljava/lang/reflect/Field;+49
j  org.powermock.reflect.Whitebox.getField(Ljava/lang/Class;Ljava/lang/String;)Ljava/lang/reflect/Field;+2
j  org.powermock.classloading.DeepCloner.cloneFields(Ljava/lang/ClassLoader;Ljava/lang/Class;Ljava/lang/Object;Ljava/lang/Object;Ljava/util/Map;Z)V+67
j  org.powermock.classloading.DeepCloner.performClone(Ljava/lang/Class;Ljava/lang/Object;Z)Ljava/lang/Object;+168
j  org.powermock.classloading.DeepCloner.cloneFields(Ljava/lang/ClassLoader;Ljava/lang/Class;Ljava/lang/Object;Ljava/lang/Object;Ljava/util/Map;Z)V+214
j  org.powermock.classloading.DeepCloner.performClone(Ljava/lang/Class;Ljava/lang/Object;Z)Ljava/lang/Object;+168
j  org.powermock.classloading.DeepCloner.cloneFields(Ljava/lang/ClassLoader;Ljava/lang/Class;Ljava/lang/Object;Ljava/lang/Object;Ljava/util/Map;Z)V+214
j  org.powermock.classloading.DeepCloner.performClone(Ljava/lang/Class;Ljava/lang/Object;Z)Ljava/lang/Object;+168
j  org.powermock.classloading.DeepCloner.cloneFields(Ljava/lang/ClassLoader;Ljava/lang/Class;Ljava/lang/Object;Ljava/lang/Object;Ljava/util/Map;Z)V+214
j  org.powermock.classloading.DeepCloner.performClone(Ljava/lang/Class;Ljava/lang/Object;Z)Ljava/lang/Object;+168
j  org.powermock.classloading.DeepCloner.cloneFields(Ljava/lang/ClassLoader;Ljava/lang/Class;Ljava/lang/Object;Ljava/lang/Object;Ljava/util/Map;Z)V+214
j  org.powermock.classloading.DeepCloner.performClone(Ljava/lang/Class;Ljava/lang/Object;Z)Ljava/lang/Object;+168
j  org.powermock.classloading.DeepCloner.clone(Ljava/lang/Object;Z)Ljava/lang/Object;+18
j  org.powermock.classloading.DeepCloner.clone(Ljava/lang/Object;)Ljava/lang/Object;+3
j  org.powermock.classloading.ClassloaderExecutor.execute(Ljava/lang/Object;Ljava/lang/reflect/Method;[Ljava/lang/Object;)Ljava/lang/Object;+13
j  org.powermock.classloading.ClassloaderExecutor.execute(Ljava/lang/Runnable;)V+26
j  org.powermock.modules.junit4.rule.PowerMockStatement.evaluate()V+12
j  org.junit.runners.ParentRunner.runLeaf(Lorg/junit/runners/model/Statement;Lorg/junit/runner/Description;Lorg/junit/runner/notification/RunNotifier;)V+17
j  org.junit.runners.BlockJUnit4ClassRunner.runChild(Lorg/junit/runners/model/FrameworkMethod;Lorg/junit/runner/notification/RunNotifier;)V+32
j  org.junit.runners.BlockJUnit4ClassRunner.runChild(Ljava/lang/Object;Lorg/junit/runner/notification/RunNotifier;)V+6
j  org.junit.runners.ParentRunner$3.run()V+12
j  org.junit.runners.ParentRunner$1.schedule(Ljava/lang/Runnable;)V+1
j  org.junit.runners.ParentRunner.runChildren(Lorg/junit/runner/notification/RunNotifier;)V+40
j  org.junit.runners.ParentRunner.access$000(Lorg/junit/runners/ParentRunner;Lorg/junit/runner/notification/RunNotifier;)V+2
j  org.junit.runners.ParentRunner$2.evaluate()V+8
j  org.junit.internal.runners.statements.RunBefores.evaluate()V+49
j  org.junit.internal.runners.statements.RunAfters.evaluate()V+12
j  org.junit.runners.ParentRunner.run(Lorg/junit/runner/notification/RunNotifier;)V+20
j  fi.helsinki.cs.tmc.testrunner.TestRunner$TestingRunnable.runTestCase(Lfi/helsinki/cs/tmc/testrunner/TestCase;)V+62
j  fi.helsinki.cs.tmc.testrunner.TestRunner$TestingRunnable.doRun()V+68
j  fi.helsinki.cs.tmc.testrunner.TestRunner$TestingRunnable.run()V+1
j  java.lang.Thread.run()V+11
v  ~StubRoutines::call_stub

---------------  P R O C E S S  ---------------

Java Threads: ( => current thread )
=>0x000000001ee17000 JavaThread "TestRunner thread" daemon [_thread_in_vm, id=392, stack(0x000000001fa20000,0x000000001fb20000)]
  0x000000001ecbc000 JavaThread "Service Thread" daemon [_thread_blocked, id=8768, stack(0x000000001f6f0000,0x000000001f7f0000)]
  0x000000001ec2b800 JavaThread "C1 CompilerThread3" daemon [_thread_blocked, id=7856, stack(0x000000001f5f0000,0x000000001f6f0000)]
  0x000000001ec26800 JavaThread "C2 CompilerThread2" daemon [_thread_blocked, id=10372, stack(0x000000001f4f0000,0x000000001f5f0000)]
  0x000000001ec24000 JavaThread "C2 CompilerThread1" daemon [_thread_blocked, id=1680, stack(0x000000001f3f0000,0x000000001f4f0000)]
  0x000000001ec1c000 JavaThread "C2 CompilerThread0" daemon [_thread_in_native, id=5092, stack(0x000000001f2f0000,0x000000001f3f0000)]
  0x000000001ec1b000 JavaThread "Attach Listener" daemon [_thread_blocked, id=10028, stack(0x000000001f1f0000,0x000000001f2f0000)]
  0x000000001ec1a000 JavaThread "Signal Dispatcher" daemon [_thread_blocked, id=3904, stack(0x000000001f0f0000,0x000000001f1f0000)]
  0x000000001ec10800 JavaThread "Finalizer" daemon [_thread_blocked, id=8404, stack(0x000000001eff0000,0x000000001f0f0000)]
  0x0000000003269800 JavaThread "Reference Handler" daemon [_thread_blocked, id=7976, stack(0x000000001eaf0000,0x000000001ebf0000)]
  0x000000000316e800 JavaThread "main" [_thread_blocked, id=12096, stack(0x0000000003010000,0x0000000003110000)]

Other Threads:
  0x000000001cd19000 VMThread [stack: 0x000000001e9f0000,0x000000001eaf0000] [id=11136]
  0x000000001ece0800 WatcherThread [stack: 0x000000001f920000,0x000000001fa20000] [id=10396]

VM state:not at safepoint (normal execution)

VM Mutex/Monitor currently owned by a thread: None

Heap:
 PSYoungGen      total 76288K, used 23597K [0x000000076af00000, 0x0000000770400000, 0x00000007c0000000)
  eden space 65536K, 36% used [0x000000076af00000,0x000000076c60b5f8,0x000000076ef00000)
  from space 10752K, 0% used [0x000000076f980000,0x000000076f980000,0x0000000770400000)
  to   space 10752K, 0% used [0x000000076ef00000,0x000000076ef00000,0x000000076f980000)
 ParOldGen       total 175104K, used 0K [0x00000006c0c00000, 0x00000006cb700000, 0x000000076af00000)
  object space 175104K, 0% used [0x00000006c0c00000,0x00000006c0c00000,0x00000006cb700000)
 Metaspace       used 7309K, capacity 7592K, committed 7680K, reserved 1056768K
  class space    used 835K, capacity 945K, committed 1024K, reserved 1048576K

Card table byte_map: [0x0000000012630000,0x0000000012e30000] byte_map_base: 0x000000000f02a000

Marking Bits: (ParMarkBitMap*) 0x00000000713bd850
 Begin Bits: [0x0000000013b90000, 0x0000000017b60000)
 End Bits:   [0x0000000017b60000, 0x000000001bb30000)

Polling page: 0x0000000001260000

CodeCache: size=245760Kb used=3120Kb max_used=3120Kb free=242639Kb
 bounds [0x0000000003270000, 0x0000000003580000, 0x0000000012270000]
 total_blobs=1093 nmethods=793 adapters=213
 compilation: enabled

Compilation events (10 events):
Event: 0.526 Thread 0x000000001ec2b800  790       3       jdk.internal.org.objectweb.asm.ByteVector::<init> (13 bytes)
Event: 0.526 Thread 0x000000001ec2b800 nmethod 790 0x0000000003577f10 code [0x0000000003578080, 0x00000000035782d0]
Event: 0.526 Thread 0x000000001ec2b800  791       3       jdk.internal.org.objectweb.asm.ByteVector::putByteArray (49 bytes)
Event: 0.527 Thread 0x000000001ec2b800 nmethod 791 0x000000000357c650 code [0x000000000357c7c0, 0x000000000357caf8]
Event: 0.527 Thread 0x000000001ec2b800  792       3       jdk.internal.org.objectweb.asm.ByteVector::enlarge (51 bytes)
Event: 0.527 Thread 0x000000001ec2b800 nmethod 792 0x000000000357cc10 code [0x000000000357cd80, 0x000000000357d0a8]
Event: 0.530 Thread 0x000000001ec2b800  793       3       java.util.zip.ZipFile$ZipFileInflaterInputStream::<init> (29 bytes)
Event: 0.530 Thread 0x000000001ec2b800 nmethod 793 0x000000000357d190 code [0x000000000357d300, 0x000000000357d508]
Event: 0.530 Thread 0x000000001ec2b800  794       3       java.util.zip.InflaterInputStream::<init> (79 bytes)
Event: 0.530 Thread 0x000000001ec2b800 nmethod 794 0x000000000357d5d0 code [0x000000000357d780, 0x000000000357de78]

GC Heap History (0 events):
No events

Deoptimization events (6 events):
Event: 0.164 Thread 0x000000001ee17000 Uncommon trap: reason=unstable_if action=reinterpret pc=0x00000000033d2f14 method=java.lang.String.indexOf([CII[CIII)I @ 123
Event: 0.164 Thread 0x000000001ee17000 Uncommon trap: reason=unstable_if action=reinterpret pc=0x00000000033c6844 method=java.lang.String.indexOf([CII[CIII)I @ 123
Event: 0.226 Thread 0x000000001ee17000 Uncommon trap: reason=unstable_if action=reinterpret pc=0x000000000341f72c method=java.lang.String.indexOf([CII[CIII)I @ 134
Event: 0.421 Thread 0x000000001ee17000 Uncommon trap: reason=unstable_if action=reinterpret pc=0x000000000341a518 method=java.util.HashMap.getNode(ILjava/lang/Object;)Ljava/util/HashMap$Node; @ 84
Event: 0.421 Thread 0x000000001ee17000 Uncommon trap: reason=unstable_if action=reinterpret pc=0x00000000033ff6a8 method=java.util.HashMap.getNode(ILjava/lang/Object;)Ljava/util/HashMap$Node; @ 84
Event: 0.477 Thread 0x000000001ee17000 Uncommon trap: reason=unstable_if action=reinterpret pc=0x00000000033a8f40 method=java.lang.CharacterData.of(I)Ljava/lang/CharacterData; @ 4

Internal exceptions (9 events):
Event: 0.029 Thread 0x000000000316e800 Exception <a 'java/lang/NoSuchMethodError': Method sun.misc.Unsafe.defineClass(Ljava/lang/String;[BII)Ljava/lang/Class; name or signature does not match> (0x000000076af07ca8) thrown at [C:\re\workspace\8-2-build-windows-amd64-cygwin\jdk8u141\9370\hotspot\
Event: 0.029 Thread 0x000000000316e800 Exception <a 'java/lang/NoSuchMethodError': Method sun.misc.Unsafe.prefetchRead(Ljava/lang/Object;J)V name or signature does not match> (0x000000076af07f90) thrown at [C:\re\workspace\8-2-build-windows-amd64-cygwin\jdk8u141\9370\hotspot\src\share\vm\prims
Event: 0.066 Thread 0x000000000316e800 Exception <a 'java/io/FileNotFoundException'> (0x000000076af738b0) thrown at [C:\re\workspace\8-2-build-windows-amd64-cygwin\jdk8u141\9370\hotspot\src\share\vm\prims\jni.cpp, line 709]
Event: 0.167 Thread 0x000000001ee17000 Exception <a 'java/security/PrivilegedActionException'> (0x000000076b497b18) thrown at [C:\re\workspace\8-2-build-windows-amd64-cygwin\jdk8u141\9370\hotspot\src\share\vm\prims\jvm.cpp, line 1390]
Event: 0.167 Thread 0x000000001ee17000 Exception <a 'java/security/PrivilegedActionException'> (0x000000076b497f10) thrown at [C:\re\workspace\8-2-build-windows-amd64-cygwin\jdk8u141\9370\hotspot\src\share\vm\prims\jvm.cpp, line 1390]
Event: 0.168 Thread 0x000000001ee17000 Exception <a 'java/security/PrivilegedActionException'> (0x000000076b49bf50) thrown at [C:\re\workspace\8-2-build-windows-amd64-cygwin\jdk8u141\9370\hotspot\src\share\vm\prims\jvm.cpp, line 1390]
Event: 0.168 Thread 0x000000001ee17000 Exception <a 'java/security/PrivilegedActionException'> (0x000000076b49c348) thrown at [C:\re\workspace\8-2-build-windows-amd64-cygwin\jdk8u141\9370\hotspot\src\share\vm\prims\jvm.cpp, line 1390]
Event: 0.340 Thread 0x000000001ee17000 Exception <a 'java/lang/NoSuchFieldError': method resolution failed> (0x000000076bca2b28) thrown at [C:\re\workspace\8-2-build-windows-amd64-cygwin\jdk8u141\9370\hotspot\src\share\vm\prims\methodHandles.cpp, line 1146]
Event: 0.341 Thread 0x000000001ee17000 Exception <a 'java/lang/NoSuchFieldError': method resolution failed> (0x000000076bcb05e8) thrown at [C:\re\workspace\8-2-build-windows-amd64-cygwin\jdk8u141\9370\hotspot\src\share\vm\prims\methodHandles.cpp, line 1146]

Events (10 events):
Event: 0.528 loading class java/io/ObjectInputStream$ValidationList
Event: 0.528 loading class java/io/ObjectInputStream$ValidationList done
Event: 0.528 loading class sun/misc/ObjectInputFilter$Config
Event: 0.528 loading class sun/misc/ObjectInputFilter$Config done
Event: 0.528 loading class sun/misc/ObjectInputFilter
Event: 0.528 loading class sun/misc/ObjectInputFilter done
Event: 0.529 loading class org/powermock/classloading/DeepCloner$UnsafeFieldWriter
Event: 0.529 loading class org/powermock/classloading/DeepCloner$UnsafeFieldWriter done
Event: 0.530 loading class sun/reflect/UnsafeQualifiedStaticObjectFieldAccessorImpl
Event: 0.530 loading class sun/reflect/UnsafeQualifiedStaticObjectFieldAccessorImpl done


Dynamic libraries:
0x00007ff776830000 - 0x00007ff776867000 	C:\ProgramData\Oracle\Java\javapath\java.exe
0x00007ffe2d910000 - 0x00007ffe2daeb000 	C:\WINDOWS\SYSTEM32\ntdll.dll
0x00007ffe2d620000 - 0x00007ffe2d6ce000 	C:\WINDOWS\System32\KERNEL32.DLL
0x00007ffe2a1b0000 - 0x00007ffe2a3f9000 	C:\WINDOWS\System32\KERNELBASE.dll
0x00007ffe2d140000 - 0x00007ffe2d1e1000 	C:\WINDOWS\System32\ADVAPI32.dll
0x00007ffe2ae70000 - 0x00007ffe2af0d000 	C:\WINDOWS\System32\msvcrt.dll
0x00007ffe2b180000 - 0x00007ffe2b1d9000 	C:\WINDOWS\System32\sechost.dll
0x00007ffe2aff0000 - 0x00007ffe2b115000 	C:\WINDOWS\System32\RPCRT4.dll
0x00007ffe2b290000 - 0x00007ffe2b3da000 	C:\WINDOWS\System32\USER32.dll
0x00007ffe2a190000 - 0x00007ffe2a1ae000 	C:\WINDOWS\System32\win32u.dll
0x00007ffe2d2c0000 - 0x00007ffe2d2e7000 	C:\WINDOWS\System32\GDI32.dll
0x00007ffe29e90000 - 0x00007ffe2a017000 	C:\WINDOWS\System32\gdi32full.dll
0x00007ffe2ab00000 - 0x00007ffe2ab9a000 	C:\WINDOWS\System32\msvcp_win.dll
0x00007ffe2aba0000 - 0x00007ffe2ac96000 	C:\WINDOWS\System32\ucrtbase.dll
0x00007ffe1e0c0000 - 0x00007ffe1e327000 	C:\WINDOWS\WinSxS\amd64_microsoft.windows.common-controls_6595b64144ccf1df_6.0.15063.483_none_26002d27e7c744a2\COMCTL32.dll
0x00007ffe2d320000 - 0x00007ffe2d619000 	C:\WINDOWS\System32\combase.dll
0x00007ffe2a120000 - 0x00007ffe2a18a000 	C:\WINDOWS\System32\bcryptPrimitives.dll
0x00007ffe2d2f0000 - 0x00007ffe2d31d000 	C:\WINDOWS\System32\IMM32.DLL
0x0000000071440000 - 0x0000000071512000 	C:\Program Files\Java\jre1.8.0_141\bin\msvcr100.dll
0x0000000070ba0000 - 0x000000007143d000 	C:\Program Files\Java\jre1.8.0_141\bin\server\jvm.dll
0x00007ffe2d790000 - 0x00007ffe2d798000 	C:\WINDOWS\System32\PSAPI.DLL
0x00007ffe22a80000 - 0x00007ffe22a8a000 	C:\WINDOWS\SYSTEM32\VERSION.dll
0x00007ffe1c0b0000 - 0x00007ffe1c0b9000 	C:\WINDOWS\SYSTEM32\WSOCK32.dll
0x00007ffe22580000 - 0x00007ffe225a3000 	C:\WINDOWS\SYSTEM32\WINMM.dll
0x00007ffe2d1f0000 - 0x00007ffe2d25c000 	C:\WINDOWS\System32\WS2_32.dll
0x00007ffe22550000 - 0x00007ffe2257b000 	C:\WINDOWS\SYSTEM32\winmmbase.dll
0x00007ffe2a020000 - 0x00007ffe2a069000 	C:\WINDOWS\System32\cfgmgr32.dll
0x0000000074570000 - 0x000000007457f000 	C:\Program Files\Java\jre1.8.0_141\bin\verify.dll
0x0000000070b70000 - 0x0000000070b99000 	C:\Program Files\Java\jre1.8.0_141\bin\java.dll
0x0000000070b50000 - 0x0000000070b66000 	C:\Program Files\Java\jre1.8.0_141\bin\zip.dll
0x00007ffe2b3e0000 - 0x00007ffe2c816000 	C:\WINDOWS\System32\SHELL32.dll
0x00007ffe2cc90000 - 0x00007ffe2cd3a000 	C:\WINDOWS\System32\shcore.dll
0x00007ffe2a400000 - 0x00007ffe2aaf1000 	C:\WINDOWS\System32\windows.storage.dll
0x00007ffe2af90000 - 0x00007ffe2afe1000 	C:\WINDOWS\System32\shlwapi.dll
0x00007ffe29df0000 - 0x00007ffe29e01000 	C:\WINDOWS\System32\kernel.appcore.dll
0x00007ffe29da0000 - 0x00007ffe29dec000 	C:\WINDOWS\System32\powrprof.dll
0x00007ffe29d80000 - 0x00007ffe29d95000 	C:\WINDOWS\System32\profapi.dll
0x00007ffe25330000 - 0x00007ffe254d9000 	C:\WINDOWS\SYSTEM32\dbghelp.dll

VM Arguments:
jvm_args: -Dtmc.test_class_dir=C:\Users\henni niemi\Documents\NetBeansProjects\aalto-biz-2017-prog-1\week3-046.AverageOfGivenNumbers\test -Dtmc.results_file=C:\Users\henni niemi\Documents\NetBeansProjects\aalto-biz-2017-prog-1\week3-046.AverageOfGivenNumbers\results.txt 
java_command: fi.helsinki.cs.tmc.testrunner.Main AverageOfGivenNumbersTest.averageRight1{46} AverageOfGivenNumbersTest.averageRight2{46} AverageOfGivenNumbersTest.helperMethodUsed1{46} AverageOfGivenNumbersTest.testSum{46} AverageOfGivenNumbersTest.testAverage{46} AverageOfGivenNumbersTest.testMain{46}
java_class_path (initial): C:\Users\henni niemi\Documents\NetBeansProjects\aalto-biz-2017-prog-1\week3-046.AverageOfGivenNumbers;C:\Users\henni niemi\Documents\NetBeansProjects\aalto-biz-2017-prog-1\week3-046.AverageOfGivenNumbers\lib;C:\Users\henni niemi\Documents\NetBeansProjects\aalto-biz-2017-prog-1\week3-046.AverageOfGivenNumbers\lib\cglib-nodep-2.2.2.jar;C:\Users\henni niemi\Documents\NetBeansProjects\aalto-biz-2017-prog-1\week3-046.AverageOfGivenNumbers\lib\easymock-3.2.jar;C:\Users\henni niemi\Documents\NetBeansProjects\aalto-biz-2017-prog-1\week3-046.AverageOfGivenNumbers\lib\edu-test-utils-0.4.2.jar;C:\Users\henni niemi\Documents\NetBeansProjects\aalto-biz-2017-prog-1\week3-046.AverageOfGivenNumbers\lib\hamcrest-core-1.3.jar;C:\Users\henni niemi\Documents\NetBeansProjects\aalto-biz-2017-prog-1\week3-046.AverageOfGivenNumbers\lib\javassist-3.18.2-GA.jar;C:\Users\henni niemi\Documents\NetBeansProjects\aalto-biz-2017-prog-1\week3-046.AverageOfGivenNumbers\lib\junit-4.11.jar;C:\Users\henni niemi\Documents\NetBeansProjects\aalto-biz-2017-prog-1\week3-046.AverageOfGivenNumbers\lib\objenesis-2.1.jar;C:\Users\henni niemi\Documents\NetBeansProjects\aalto-biz-2017-prog-1\week3-046.AverageOfGivenNumbers\lib\powermock-classloading-base-1.5.5.jar;C:\Users\henni niemi\Documents\NetBeansProjects\aalto-biz-2017-prog-1\week3-046.AverageOfGivenNumbers\lib\powermock-classloading-objenesis-1.5.5.jar;C:\Users\henni niemi\Documents\NetBeansProjects\aalto-biz-2017-prog-1\week3-046.AverageOfGivenNumbers\lib\powermock-easymock-1.5.5-full.jar;C:\Users\henni niemi\Documents\NetBeansProjects\aalto-biz-2017-prog-1\week3-046.AverageOfGivenNumbers\lib\powermock-module-junit4-rule-1.5.5.jar;C:\Users\henni niemi\Documents\NetBeansProjects\aalto-biz-2017-prog-1\week3-046.AverageOfGivenNumbers\lib\testrunner;C:\Users\henni niemi\Documents\NetBeansProjects\aalto-biz-2017-prog-1\week3-046.AverageOfGivenNumbers\lib\testrunner\gson-2.2.4.jar;C:\Users\henni niemi\Documents\NetBeansProjects\aal
Launcher Type: SUN_STANDARD

Environment Variables:
PATH=C:\ProgramData\Oracle\Java\javapath;C:\WINDOWS\system32;C:\WINDOWS;C:\WINDOWS\System32\Wbem;C:\WINDOWS\System32\WindowsPowerShell\v1.0\;C:\Program Files (x86)\Skype\Phone\;C:\Program Files\IBM\SPSS\Statistics\23\JRE\bin;C:\Program Files (x86)\NVIDIA Corporation\PhysX\Common;C:\WINDOWS\system32;C:\WINDOWS;C:\WINDOWS\System32\Wbem;C:\WINDOWS\System32\WindowsPowerShell\v1.0\;C:\Program Files\Java\jdk1.8.0_141;
USERNAME=henni niemi
OS=Windows_NT
PROCESSOR_IDENTIFIER=Intel64 Family 6 Model 60 Stepping 3, GenuineIntel



---------------  S Y S T E M  ---------------

OS: Windows 10.0 , 64 bit Build 15063 (10.0.15063.296)

CPU:total 8 (initial active 8) (4 cores per cpu, 2 threads per core) family 6 model 60 stepping 3, cmov, cx8, fxsr, mmx, sse, sse2, sse3, ssse3, sse4.1, sse4.2, popcnt, avx, avx2, aes, clmul, erms, lzcnt, ht, tsc, tscinvbit, bmi1, bmi2

Memory: 4k page, physical 16722200k(10648832k free), swap 19212568k(12071536k free)

vm_info: Java HotSpot(TM) 64-Bit Server VM (25.141-b15) for windows-amd64 JRE (1.8.0_141-b15), built on Jul 12 2017 04:25:12 by "java_re" with MS VC++ 10.0 (VS2010)

time: Sat Oct 14 11:51:03 2017
elapsed time: 0 seconds (0d 0h 0m 0s)

