#
# A fatal error has been detected by the Java Runtime Environment:
#
#  EXCEPTION_ACCESS_VIOLATION (0xc0000005) at pc=0x000000005de95da5, pid=10452, tid=0x00000000000024a4
#
# JRE version: Java(TM) SE Runtime Environment (8.0_141-b15) (build 1.8.0_141-b15)
# Java VM: Java HotSpot(TM) 64-Bit Server VM (25.141-b15 mixed mode windows-amd64 compressed oops)
# Problematic frame:
# V  [jvm.dll+0x125da5]
#
# Failed to write core dump. Minidumps are not enabled by default on client versions of Windows
#
# If you would like to submit a bug report, please visit:
#   http://bugreport.java.com/bugreport/crash.jsp
#

---------------  T H R E A D  ---------------

Current thread (0x000000001e1a8800):  JavaThread "TestRunner thread" daemon [_thread_in_vm, id=9380, stack(0x000000001f080000,0x000000001f180000)]

siginfo: ExceptionCode=0xc0000005, reading address 0x00000004ce3b0cf0

Registers:
RAX=0x000043c04d10d7ef, RBX=0x000000001e217150, RCX=0x00000004ce3b0ce8, RDX=0x000000076c590bd0
RSP=0x000000001f17dc90, RBP=0x00000000000003d8, RSI=0x000000001dfb7ed0, RDI=0x000000001e1a8800
R8 =0x000000076c590c08, R9 =0x0000000000000000, R10=0x000000005e56f240, R11=0x00000000027fa000
R12=0x000000001dfb7ee0, R13=0x000000001dfb82b8, R14=0x000000001f17e008, R15=0x000000001e1a8800
RIP=0x000000005de95da5, EFLAGS=0x0000000000010202

Top of Stack: (sp=0x000000001f17dc90)
0x000000001f17dc90:   000043c04d10d01f 00000000fffffffe
0x000000001f17dca0:   000000001b7381b0 000000005dfa6fad
0x000000001f17dcb0:   000000001f17de20 000000001e1a8800
0x000000001f17dcc0:   000000001b7381b0 000000001e1a8800
0x000000001f17dcd0:   000000001f17df50 000043c04d10d7ef
0x000000001f17dce0:   000000001e217150 000000005e1ba61b
0x000000001f17dcf0:   000000001f17ddf0 000000005de33467
0x000000001f17dd00:   000000001b7381b0 000000001e1a8800
0x000000001f17dd10:   000000001f17df98 0000000000000000
0x000000001f17dd20:   00000004ce3b0ce8 00000000026fd16a
0x000000001f17dd30:   000000001e1a8800 000000001ba83430
0x000000001f17dd40:   000000001f17df20 000000076c590bd0
0x000000001f17dd50:   000000001b7381b0 0000000000000000
0x000000001f17dd60:   0000000000000000 0000000000000000
0x000000001f17dd70:   0000000000000000 0000000000000000
0x000000001f17dd80:   0000000000000000 0000000000000000 

Instructions: (pc=0x000000005de95da5)
0x000000005de95d85:   00 00 48 8b 00 c3 cc cc cc cc cc 40 53 48 83 ec
0x000000005de95d95:   50 48 8b 05 23 67 6c 00 48 33 c4 48 89 44 24 48
0x000000005de95da5:   83 79 08 00 48 8b d9 0f 8e b9 00 00 00 0f b6 81
0x000000005de95db5:   0e 01 00 00 c0 e8 03 a8 01 0f 84 a7 00 00 00 48 


Register to memory mapping:

RAX=0x000043c04d10d7ef is an unknown value
RBX=0x000000001e217150 is an unknown value
RCX=0x00000004ce3b0ce8 is an unknown value
RDX=0x000000076c590bd0 is an oop

[error occurred during error reporting (printing register info), id 0xc0000005]

Stack: [0x000000001f080000,0x000000001f180000],  sp=0x000000001f17dc90,  free space=1015k
Native frames: (J=compiled Java code, j=interpreted, Vv=VM code, C=native code)
V  [jvm.dll+0x125da5]
V  [jvm.dll+0x44a61b]
C  0x00000000026fd16a

Java frames: (J=compiled Java code, j=interpreted, Vv=VM code)
v  ~RuntimeStub::throw_class_cast_exception Runtime1 stub
J 372 C1 java.lang.Class.reflectionData()Ljava/lang/Class$ReflectionData; (49 bytes) @ 0x00000000027fa40b [0x00000000027f9fe0+0x42b]
j  java.lang.Class.privateGetDeclaredFields(Z)[Ljava/lang/reflect/Field;+4
j  java.lang.Class.getDeclaredFields()[Ljava/lang/reflect/Field;+11
j  org.powermock.reflect.internal.WhiteboxImpl.getField(Ljava/lang/Class;Ljava/lang/String;)Ljava/lang/reflect/Field;+49
j  org.powermock.reflect.Whitebox.getField(Ljava/lang/Class;Ljava/lang/String;)Ljava/lang/reflect/Field;+2
j  org.powermock.classloading.DeepCloner.cloneFields(Ljava/lang/ClassLoader;Ljava/lang/Class;Ljava/lang/Object;Ljava/lang/Object;Ljava/util/Map;Z)V+67
j  org.powermock.classloading.DeepCloner.performClone(Ljava/lang/Class;Ljava/lang/Object;Z)Ljava/lang/Object;+168
j  org.powermock.classloading.DeepCloner.cloneFields(Ljava/lang/ClassLoader;Ljava/lang/Class;Ljava/lang/Object;Ljava/lang/Object;Ljava/util/Map;Z)V+214
j  org.powermock.classloading.DeepCloner.performClone(Ljava/lang/Class;Ljava/lang/Object;Z)Ljava/lang/Object;+168
j  org.powermock.classloading.DeepCloner.cloneFields(Ljava/lang/ClassLoader;Ljava/lang/Class;Ljava/lang/Object;Ljava/lang/Object;Ljava/util/Map;Z)V+214
j  org.powermock.classloading.DeepCloner.performClone(Ljava/lang/Class;Ljava/lang/Object;Z)Ljava/lang/Object;+168
j  org.powermock.classloading.DeepCloner.cloneFields(Ljava/lang/ClassLoader;Ljava/lang/Class;Ljava/lang/Object;Ljava/lang/Object;Ljava/util/Map;Z)V+214
j  org.powermock.classloading.DeepCloner.performClone(Ljava/lang/Class;Ljava/lang/Object;Z)Ljava/lang/Object;+168
j  org.powermock.classloading.DeepCloner.cloneFields(Ljava/lang/ClassLoader;Ljava/lang/Class;Ljava/lang/Object;Ljava/lang/Object;Ljava/util/Map;Z)V+214
j  org.powermock.classloading.DeepCloner.performClone(Ljava/lang/Class;Ljava/lang/Object;Z)Ljava/lang/Object;+168
j  org.powermock.classloading.DeepCloner.clone(Ljava/lang/Object;Z)Ljava/lang/Object;+18
j  org.powermock.classloading.DeepCloner.clone(Ljava/lang/Object;)Ljava/lang/Object;+3
j  org.powermock.classloading.ClassloaderExecutor.execute(Ljava/lang/Object;Ljava/lang/reflect/Method;[Ljava/lang/Object;)Ljava/lang/Object;+13
j  org.powermock.classloading.ClassloaderExecutor.execute(Ljava/lang/Runnable;)V+26
j  org.powermock.modules.junit4.rule.PowerMockStatement.evaluate()V+12
j  org.junit.runners.ParentRunner.runLeaf(Lorg/junit/runners/model/Statement;Lorg/junit/runner/Description;Lorg/junit/runner/notification/RunNotifier;)V+17
j  org.junit.runners.BlockJUnit4ClassRunner.runChild(Lorg/junit/runners/model/FrameworkMethod;Lorg/junit/runner/notification/RunNotifier;)V+32
j  org.junit.runners.BlockJUnit4ClassRunner.runChild(Ljava/lang/Object;Lorg/junit/runner/notification/RunNotifier;)V+6
j  org.junit.runners.ParentRunner$3.run()V+12
j  org.junit.runners.ParentRunner$1.schedule(Ljava/lang/Runnable;)V+1
j  org.junit.runners.ParentRunner.runChildren(Lorg/junit/runner/notification/RunNotifier;)V+40
j  org.junit.runners.ParentRunner.access$000(Lorg/junit/runners/ParentRunner;Lorg/junit/runner/notification/RunNotifier;)V+2
j  org.junit.runners.ParentRunner$2.evaluate()V+8
j  org.junit.internal.runners.statements.RunBefores.evaluate()V+49
j  org.junit.internal.runners.statements.RunAfters.evaluate()V+12
j  org.junit.runners.ParentRunner.run(Lorg/junit/runner/notification/RunNotifier;)V+20
j  fi.helsinki.cs.tmc.testrunner.TestRunner$TestingRunnable.runTestCase(Lfi/helsinki/cs/tmc/testrunner/TestCase;)V+62
j  fi.helsinki.cs.tmc.testrunner.TestRunner$TestingRunnable.doRun()V+68
j  fi.helsinki.cs.tmc.testrunner.TestRunner$TestingRunnable.run()V+1
j  java.lang.Thread.run()V+11
v  ~StubRoutines::call_stub

---------------  P R O C E S S  ---------------

Java Threads: ( => current thread )
=>0x000000001e1a8800 JavaThread "TestRunner thread" daemon [_thread_in_vm, id=9380, stack(0x000000001f080000,0x000000001f180000)]
  0x000000001e049000 JavaThread "Service Thread" daemon [_thread_blocked, id=9588, stack(0x000000001ea80000,0x000000001eb80000)]
  0x000000001dfb6000 JavaThread "C1 CompilerThread3" daemon [_thread_blocked, id=5192, stack(0x000000001e980000,0x000000001ea80000)]
  0x000000001dfb2000 JavaThread "C2 CompilerThread2" daemon [_thread_in_native, id=6588, stack(0x000000001e880000,0x000000001e980000)]
  0x000000001dfad800 JavaThread "C2 CompilerThread1" daemon [_thread_blocked, id=2132, stack(0x000000001e780000,0x000000001e880000)]
  0x000000001dfaa000 JavaThread "C2 CompilerThread0" daemon [_thread_blocked, id=4256, stack(0x000000001e680000,0x000000001e780000)]
  0x000000001dfa9000 JavaThread "Attach Listener" daemon [_thread_blocked, id=8880, stack(0x000000001e580000,0x000000001e680000)]
  0x000000001dfa8000 JavaThread "Signal Dispatcher" daemon [_thread_blocked, id=9576, stack(0x000000001e480000,0x000000001e580000)]
  0x00000000024f9000 JavaThread "Finalizer" daemon [_thread_blocked, id=8812, stack(0x000000001e380000,0x000000001e480000)]
  0x00000000024f7800 JavaThread "Reference Handler" daemon [_thread_blocked, id=4720, stack(0x000000001de80000,0x000000001df80000)]
  0x00000000025fe800 JavaThread "main" [_thread_blocked, id=4708, stack(0x0000000002270000,0x0000000002370000)]

Other Threads:
  0x000000001c0a9800 VMThread [stack: 0x000000001dd80000,0x000000001de80000] [id=9268]
  0x000000001e04d800 WatcherThread [stack: 0x000000001ef80000,0x000000001f080000] [id=9880]

VM state:not at safepoint (normal execution)

VM Mutex/Monitor currently owned by a thread: None

Heap:
 PSYoungGen      total 76288K, used 23604K [0x000000076af00000, 0x0000000770400000, 0x00000007c0000000)
  eden space 65536K, 36% used [0x000000076af00000,0x000000076c60d1e8,0x000000076ef00000)
  from space 10752K, 0% used [0x000000076f980000,0x000000076f980000,0x0000000770400000)
  to   space 10752K, 0% used [0x000000076ef00000,0x000000076ef00000,0x000000076f980000)
 ParOldGen       total 175104K, used 0K [0x00000006c0c00000, 0x00000006cb700000, 0x000000076af00000)
  object space 175104K, 0% used [0x00000006c0c00000,0x00000006c0c00000,0x00000006cb700000)
 Metaspace       used 7296K, capacity 7524K, committed 7680K, reserved 1056768K
  class space    used 835K, capacity 945K, committed 1024K, reserved 1048576K

Card table byte_map: [0x00000000119c0000,0x00000000121c0000] byte_map_base: 0x000000000e3ba000

Marking Bits: (ParMarkBitMap*) 0x000000005e58d850
 Begin Bits: [0x0000000012f20000, 0x0000000016ef0000)
 End Bits:   [0x0000000016ef0000, 0x000000001aec0000)

Polling page: 0x0000000000a50000

CodeCache: size=245760Kb used=3108Kb max_used=3108Kb free=242651Kb
 bounds [0x0000000002600000, 0x0000000002910000, 0x0000000011600000]
 total_blobs=1090 nmethods=790 adapters=213
 compilation: enabled

Compilation events (10 events):
Event: 0.433 Thread 0x000000001dfb6000  787       3       java.util.AbstractList$Itr::hasNext (20 bytes)
Event: 0.433 Thread 0x000000001dfb6000 nmethod 787 0x0000000002907910 code [0x0000000002907a80, 0x0000000002907d08]
Event: 0.435 Thread 0x000000001dfb6000  788       3       jdk.internal.org.objectweb.asm.ByteVector::<init> (13 bytes)
Event: 0.435 Thread 0x000000001dfb6000 nmethod 788 0x0000000002907dd0 code [0x0000000002907f40, 0x0000000002908190]
Event: 0.435 Thread 0x000000001dfb6000  789       3       jdk.internal.org.objectweb.asm.ByteVector::putByteArray (49 bytes)
Event: 0.436 Thread 0x000000001dfb6000 nmethod 789 0x0000000002908250 code [0x00000000029083c0, 0x00000000029086f8]
Event: 0.436 Thread 0x000000001dfb6000  790       3       jdk.internal.org.objectweb.asm.ByteVector::enlarge (51 bytes)
Event: 0.436 Thread 0x000000001dfb6000 nmethod 790 0x0000000002908810 code [0x0000000002908980, 0x0000000002908ca8]
Event: 0.437 Thread 0x000000001dfb6000  791       3       java.lang.invoke.MethodType$ConcurrentWeakInternSet::get (54 bytes)
Event: 0.438 Thread 0x000000001dfb6000 nmethod 791 0x0000000002908d90 code [0x0000000002908fc0, 0x0000000002909c98]

GC Heap History (0 events):
No events

Deoptimization events (6 events):
Event: 0.151 Thread 0x000000001e1a8800 Uncommon trap: reason=unstable_if action=reinterpret pc=0x0000000002763d14 method=java.lang.String.indexOf([CII[CIII)I @ 123
Event: 0.151 Thread 0x000000001e1a8800 Uncommon trap: reason=unstable_if action=reinterpret pc=0x0000000002757444 method=java.lang.String.indexOf([CII[CIII)I @ 123
Event: 0.199 Thread 0x000000001e1a8800 Uncommon trap: reason=unstable_if action=reinterpret pc=0x00000000027b69ec method=java.lang.String.indexOf([CII[CIII)I @ 134
Event: 0.353 Thread 0x000000001e1a8800 Uncommon trap: reason=unstable_if action=reinterpret pc=0x00000000027aafd4 method=java.util.HashMap.getNode(ILjava/lang/Object;)Ljava/util/HashMap$Node; @ 84
Event: 0.353 Thread 0x000000001e1a8800 Uncommon trap: reason=unstable_if action=reinterpret pc=0x000000000279421c method=java.util.HashMap.getNode(ILjava/lang/Object;)Ljava/util/HashMap$Node; @ 84
Event: 0.396 Thread 0x000000001e1a8800 Uncommon trap: reason=unstable_if action=reinterpret pc=0x0000000002734680 method=java.lang.CharacterData.of(I)Ljava/lang/CharacterData; @ 4

Internal exceptions (9 events):
Event: 0.025 Thread 0x00000000025fe800 Exception <a 'java/lang/NoSuchMethodError': Method sun.misc.Unsafe.defineClass(Ljava/lang/String;[BII)Ljava/lang/Class; name or signature does not match> (0x000000076af07ca8) thrown at [C:\re\workspace\8-2-build-windows-amd64-cygwin\jdk8u141\9370\hotspot\
Event: 0.025 Thread 0x00000000025fe800 Exception <a 'java/lang/NoSuchMethodError': Method sun.misc.Unsafe.prefetchRead(Ljava/lang/Object;J)V name or signature does not match> (0x000000076af07f90) thrown at [C:\re\workspace\8-2-build-windows-amd64-cygwin\jdk8u141\9370\hotspot\src\share\vm\prims
Event: 0.060 Thread 0x00000000025fe800 Exception <a 'java/io/FileNotFoundException'> (0x000000076af738b0) thrown at [C:\re\workspace\8-2-build-windows-amd64-cygwin\jdk8u141\9370\hotspot\src\share\vm\prims\jni.cpp, line 709]
Event: 0.154 Thread 0x000000001e1a8800 Exception <a 'java/security/PrivilegedActionException'> (0x000000076b497a50) thrown at [C:\re\workspace\8-2-build-windows-amd64-cygwin\jdk8u141\9370\hotspot\src\share\vm\prims\jvm.cpp, line 1390]
Event: 0.154 Thread 0x000000001e1a8800 Exception <a 'java/security/PrivilegedActionException'> (0x000000076b497e48) thrown at [C:\re\workspace\8-2-build-windows-amd64-cygwin\jdk8u141\9370\hotspot\src\share\vm\prims\jvm.cpp, line 1390]
Event: 0.155 Thread 0x000000001e1a8800 Exception <a 'java/security/PrivilegedActionException'> (0x000000076b49be88) thrown at [C:\re\workspace\8-2-build-windows-amd64-cygwin\jdk8u141\9370\hotspot\src\share\vm\prims\jvm.cpp, line 1390]
Event: 0.155 Thread 0x000000001e1a8800 Exception <a 'java/security/PrivilegedActionException'> (0x000000076b49c280) thrown at [C:\re\workspace\8-2-build-windows-amd64-cygwin\jdk8u141\9370\hotspot\src\share\vm\prims\jvm.cpp, line 1390]
Event: 0.279 Thread 0x000000001e1a8800 Exception <a 'java/lang/NoSuchFieldError': method resolution failed> (0x000000076bc9d158) thrown at [C:\re\workspace\8-2-build-windows-amd64-cygwin\jdk8u141\9370\hotspot\src\share\vm\prims\methodHandles.cpp, line 1146]
Event: 0.280 Thread 0x000000001e1a8800 Exception <a 'java/lang/NoSuchFieldError': method resolution failed> (0x000000076bcaac18) thrown at [C:\re\workspace\8-2-build-windows-amd64-cygwin\jdk8u141\9370\hotspot\src\share\vm\prims\methodHandles.cpp, line 1146]

Events (10 events):
Event: 0.437 loading class java/io/ObjectInputStream$ValidationList
Event: 0.437 loading class java/io/ObjectInputStream$ValidationList done
Event: 0.437 loading class sun/misc/ObjectInputFilter$Config
Event: 0.437 loading class sun/misc/ObjectInputFilter$Config done
Event: 0.437 loading class sun/misc/ObjectInputFilter
Event: 0.437 loading class sun/misc/ObjectInputFilter done
Event: 0.438 loading class org/powermock/classloading/DeepCloner$UnsafeFieldWriter
Event: 0.438 loading class org/powermock/classloading/DeepCloner$UnsafeFieldWriter done
Event: 0.439 loading class sun/reflect/UnsafeQualifiedStaticObjectFieldAccessorImpl
Event: 0.439 loading class sun/reflect/UnsafeQualifiedStaticObjectFieldAccessorImpl done


Dynamic libraries:
0x00007ff7b6020000 - 0x00007ff7b6057000 	C:\ProgramData\Oracle\Java\javapath\java.exe
0x00007ffce6420000 - 0x00007ffce65fb000 	C:\WINDOWS\SYSTEM32\ntdll.dll
0x00007ffce3980000 - 0x00007ffce3a2e000 	C:\WINDOWS\System32\KERNEL32.DLL
0x00007ffce3460000 - 0x00007ffce36a9000 	C:\WINDOWS\System32\KERNELBASE.dll
0x00007ffce5de0000 - 0x00007ffce5e81000 	C:\WINDOWS\System32\ADVAPI32.dll
0x00007ffce60a0000 - 0x00007ffce613d000 	C:\WINDOWS\System32\msvcrt.dll
0x00007ffce3ae0000 - 0x00007ffce3b39000 	C:\WINDOWS\System32\sechost.dll
0x00007ffce6140000 - 0x00007ffce6265000 	C:\WINDOWS\System32\RPCRT4.dll
0x00007ffce5e90000 - 0x00007ffce5fda000 	C:\WINDOWS\System32\USER32.dll
0x00007ffce2940000 - 0x00007ffce295e000 	C:\WINDOWS\System32\win32u.dll
0x00007ffce44b0000 - 0x00007ffce44d7000 	C:\WINDOWS\System32\GDI32.dll
0x00007ffce3230000 - 0x00007ffce33b8000 	C:\WINDOWS\System32\gdi32full.dll
0x00007ffce33c0000 - 0x00007ffce345a000 	C:\WINDOWS\System32\msvcp_win.dll
0x00007ffce3760000 - 0x00007ffce3856000 	C:\WINDOWS\System32\ucrtbase.dll
0x00007ffcd7330000 - 0x00007ffcd7597000 	C:\WINDOWS\WinSxS\amd64_microsoft.windows.common-controls_6595b64144ccf1df_6.0.15063.483_none_26002d27e7c744a2\COMCTL32.dll
0x00007ffce3cc0000 - 0x00007ffce3fb9000 	C:\WINDOWS\System32\combase.dll
0x00007ffce3910000 - 0x00007ffce397a000 	C:\WINDOWS\System32\bcryptPrimitives.dll
0x00007ffce3b40000 - 0x00007ffce3b6d000 	C:\WINDOWS\System32\IMM32.DLL
0x000000005e610000 - 0x000000005e6e2000 	C:\Program Files\Java\jre1.8.0_141\bin\msvcr100.dll
0x000000005dd70000 - 0x000000005e60d000 	C:\Program Files\Java\jre1.8.0_141\bin\server\jvm.dll
0x00007ffce6090000 - 0x00007ffce6098000 	C:\WINDOWS\System32\PSAPI.DLL
0x00007ffcd43c0000 - 0x00007ffcd43c9000 	C:\WINDOWS\SYSTEM32\WSOCK32.dll
0x00007ffcdb100000 - 0x00007ffcdb10a000 	C:\WINDOWS\SYSTEM32\VERSION.dll
0x00007ffce4270000 - 0x00007ffce42dc000 	C:\WINDOWS\System32\WS2_32.dll
0x00007ffce00f0000 - 0x00007ffce0113000 	C:\WINDOWS\SYSTEM32\WINMM.dll
0x00007ffcdff60000 - 0x00007ffcdff8b000 	C:\WINDOWS\SYSTEM32\winmmbase.dll
0x00007ffce36b0000 - 0x00007ffce36f9000 	C:\WINDOWS\System32\cfgmgr32.dll
0x0000000061c00000 - 0x0000000061c0f000 	C:\Program Files\Java\jre1.8.0_141\bin\verify.dll
0x000000005dd40000 - 0x000000005dd69000 	C:\Program Files\Java\jre1.8.0_141\bin\java.dll
0x000000005dd20000 - 0x000000005dd36000 	C:\Program Files\Java\jre1.8.0_141\bin\zip.dll
0x00007ffce49a0000 - 0x00007ffce5dd6000 	C:\WINDOWS\System32\SHELL32.dll
0x00007ffce3a30000 - 0x00007ffce3ada000 	C:\WINDOWS\System32\shcore.dll
0x00007ffce2b30000 - 0x00007ffce3223000 	C:\WINDOWS\System32\windows.storage.dll
0x00007ffce6270000 - 0x00007ffce62c1000 	C:\WINDOWS\System32\shlwapi.dll
0x00007ffce28b0000 - 0x00007ffce28c1000 	C:\WINDOWS\System32\kernel.appcore.dll
0x00007ffce28f0000 - 0x00007ffce293c000 	C:\WINDOWS\System32\powrprof.dll
0x00007ffce2890000 - 0x00007ffce28a5000 	C:\WINDOWS\System32\profapi.dll
0x00007ffcd0e20000 - 0x00007ffcd0fc9000 	C:\WINDOWS\SYSTEM32\dbghelp.dll

VM Arguments:
jvm_args: -Dtmc.test_class_dir=C:\Users\henni niemi\Documents\NetBeansProjects\aalto-biz-2017-prog-1\week3-046.AverageOfGivenNumbers\test -Dtmc.results_file=C:\Users\henni niemi\Documents\NetBeansProjects\aalto-biz-2017-prog-1\week3-046.AverageOfGivenNumbers\results.txt 
java_command: fi.helsinki.cs.tmc.testrunner.Main AverageOfGivenNumbersTest.averageRight1{46} AverageOfGivenNumbersTest.averageRight2{46} AverageOfGivenNumbersTest.helperMethodUsed1{46} AverageOfGivenNumbersTest.testSum{46} AverageOfGivenNumbersTest.testAverage{46} AverageOfGivenNumbersTest.testMain{46}
java_class_path (initial): C:\Users\henni niemi\Documents\NetBeansProjects\aalto-biz-2017-prog-1\week3-046.AverageOfGivenNumbers;C:\Users\henni niemi\Documents\NetBeansProjects\aalto-biz-2017-prog-1\week3-046.AverageOfGivenNumbers\lib;C:\Users\henni niemi\Documents\NetBeansProjects\aalto-biz-2017-prog-1\week3-046.AverageOfGivenNumbers\lib\cglib-nodep-2.2.2.jar;C:\Users\henni niemi\Documents\NetBeansProjects\aalto-biz-2017-prog-1\week3-046.AverageOfGivenNumbers\lib\easymock-3.2.jar;C:\Users\henni niemi\Documents\NetBeansProjects\aalto-biz-2017-prog-1\week3-046.AverageOfGivenNumbers\lib\edu-test-utils-0.4.2.jar;C:\Users\henni niemi\Documents\NetBeansProjects\aalto-biz-2017-prog-1\week3-046.AverageOfGivenNumbers\lib\hamcrest-core-1.3.jar;C:\Users\henni niemi\Documents\NetBeansProjects\aalto-biz-2017-prog-1\week3-046.AverageOfGivenNumbers\lib\javassist-3.18.2-GA.jar;C:\Users\henni niemi\Documents\NetBeansProjects\aalto-biz-2017-prog-1\week3-046.AverageOfGivenNumbers\lib\junit-4.11.jar;C:\Users\henni niemi\Documents\NetBeansProjects\aalto-biz-2017-prog-1\week3-046.AverageOfGivenNumbers\lib\objenesis-2.1.jar;C:\Users\henni niemi\Documents\NetBeansProjects\aalto-biz-2017-prog-1\week3-046.AverageOfGivenNumbers\lib\powermock-classloading-base-1.5.5.jar;C:\Users\henni niemi\Documents\NetBeansProjects\aalto-biz-2017-prog-1\week3-046.AverageOfGivenNumbers\lib\powermock-classloading-objenesis-1.5.5.jar;C:\Users\henni niemi\Documents\NetBeansProjects\aalto-biz-2017-prog-1\week3-046.AverageOfGivenNumbers\lib\powermock-easymock-1.5.5-full.jar;C:\Users\henni niemi\Documents\NetBeansProjects\aalto-biz-2017-prog-1\week3-046.AverageOfGivenNumbers\lib\powermock-module-junit4-rule-1.5.5.jar;C:\Users\henni niemi\Documents\NetBeansProjects\aalto-biz-2017-prog-1\week3-046.AverageOfGivenNumbers\lib\testrunner;C:\Users\henni niemi\Documents\NetBeansProjects\aalto-biz-2017-prog-1\week3-046.AverageOfGivenNumbers\lib\testrunner\gson-2.2.4.jar;C:\Users\henni niemi\Documents\NetBeansProjects\aal
Launcher Type: SUN_STANDARD

Environment Variables:
PATH=C:\ProgramData\Oracle\Java\javapath;C:\WINDOWS\system32;C:\WINDOWS;C:\WINDOWS\System32\Wbem;C:\WINDOWS\System32\WindowsPowerShell\v1.0\;C:\Program Files (x86)\Skype\Phone\;C:\Program Files\IBM\SPSS\Statistics\23\JRE\bin;C:\Program Files (x86)\NVIDIA Corporation\PhysX\Common;C:\WINDOWS\system32;C:\WINDOWS;C:\WINDOWS\System32\Wbem;C:\WINDOWS\System32\WindowsPowerShell\v1.0\;C:\Program Files\Java\jdk1.8.0_141;
USERNAME=henni niemi
OS=Windows_NT
PROCESSOR_IDENTIFIER=Intel64 Family 6 Model 60 Stepping 3, GenuineIntel



---------------  S Y S T E M  ---------------

OS: Windows 10.0 , 64 bit Build 15063 (10.0.15063.296)

CPU:total 8 (initial active 8) (4 cores per cpu, 2 threads per core) family 6 model 60 stepping 3, cmov, cx8, fxsr, mmx, sse, sse2, sse3, ssse3, sse4.1, sse4.2, popcnt, avx, avx2, aes, clmul, erms, lzcnt, ht, tsc, tscinvbit, bmi1, bmi2

Memory: 4k page, physical 16722200k(10877652k free), swap 20239376k(12194260k free)

vm_info: Java HotSpot(TM) 64-Bit Server VM (25.141-b15) for windows-amd64 JRE (1.8.0_141-b15), built on Jul 12 2017 04:25:12 by "java_re" with MS VC++ 10.0 (VS2010)

time: Wed Oct 11 21:34:28 2017
elapsed time: 0 seconds (0d 0h 0m 0s)

