#
# A fatal error has been detected by the Java Runtime Environment:
#
#  EXCEPTION_ACCESS_VIOLATION (0xc0000005) at pc=0x0000000070cc5da5, pid=4576, tid=0x0000000000000d64
#
# JRE version: Java(TM) SE Runtime Environment (8.0_141-b15) (build 1.8.0_141-b15)
# Java VM: Java HotSpot(TM) 64-Bit Server VM (25.141-b15 mixed mode windows-amd64 compressed oops)
# Problematic frame:
# V  [jvm.dll+0x125da5]
#
# Failed to write core dump. Minidumps are not enabled by default on client versions of Windows
#
# If you would like to submit a bug report, please visit:
#   http://bugreport.java.com/bugreport/crash.jsp
#

---------------  T H R E A D  ---------------

Current thread (0x000000001ef37800):  JavaThread "TestRunner thread" daemon [_thread_in_vm, id=3428, stack(0x000000001fbc0000,0x000000001fcc0000)]

siginfo: ExceptionCode=0xc0000005, reading address 0x00000004ce3b0cf0

Registers:
RAX=0x00004397967bc7cf, RBX=0x000000001eed2df0, RCX=0x00000004ce3b0ce8, RDX=0x000000076c5b6f88
RSP=0x000000001fcbdcb0, RBP=0x00000000000003d8, RSI=0x000000001ecd6df0, RDI=0x000000001ef37800
R8 =0x000000076c5b6fc0, R9 =0x0000000000000000, R10=0x000000007139f240, R11=0x00000000034aad80
R12=0x000000001ecd6e00, R13=0x000000001ecd71d8, R14=0x000000001fcbe028, R15=0x000000001ef37800
RIP=0x0000000070cc5da5, EFLAGS=0x0000000000010206

Top of Stack: (sp=0x000000001fcbdcb0)
0x000000001fcbdcb0:   00004397967bc0ff 00000000fffffffe
0x000000001fcbdcc0:   000000001c4381b0 0000000070dd6fad
0x000000001fcbdcd0:   000000001fcbde40 000000001ef37800
0x000000001fcbdce0:   000000001c4381b0 000000001ef37800
0x000000001fcbdcf0:   000000001fcbdf70 00004397967bc7cf
0x000000001fcbdd00:   000000001eed2df0 0000000070fea61b
0x000000001fcbdd10:   000000001fcbde10 0000000070c63467
0x000000001fcbdd20:   000000001c4381b0 000000001ef37800
0x000000001fcbdd30:   000000001fcbdfb8 0000000000000000
0x000000001fcbdd40:   00000004ce3b0ce8 00000000033ac3aa
0x000000001fcbdd50:   000000001ef37800 000000001c783870
0x000000001fcbdd60:   000000001fcbdf40 000000076c5b6f88
0x000000001fcbdd70:   000000001c4381b0 0000000000000000
0x000000001fcbdd80:   0000000000000000 0000000000000000
0x000000001fcbdd90:   0000000000000000 0000000000000000
0x000000001fcbdda0:   0000000000000000 0000000000000000 

Instructions: (pc=0x0000000070cc5da5)
0x0000000070cc5d85:   00 00 48 8b 00 c3 cc cc cc cc cc 40 53 48 83 ec
0x0000000070cc5d95:   50 48 8b 05 23 67 6c 00 48 33 c4 48 89 44 24 48
0x0000000070cc5da5:   83 79 08 00 48 8b d9 0f 8e b9 00 00 00 0f b6 81
0x0000000070cc5db5:   0e 01 00 00 c0 e8 03 a8 01 0f 84 a7 00 00 00 48 


Register to memory mapping:

RAX=0x00004397967bc7cf is an unknown value
RBX=0x000000001eed2df0 is an unknown value
RCX=0x00000004ce3b0ce8 is an unknown value
RDX=0x000000076c5b6f88 is an oop

[error occurred during error reporting (printing register info), id 0xc0000005]

Stack: [0x000000001fbc0000,0x000000001fcc0000],  sp=0x000000001fcbdcb0,  free space=1015k
Native frames: (J=compiled Java code, j=interpreted, Vv=VM code, C=native code)
V  [jvm.dll+0x125da5]
V  [jvm.dll+0x44a61b]
C  0x00000000033ac3aa

Java frames: (J=compiled Java code, j=interpreted, Vv=VM code)
v  ~RuntimeStub::throw_class_cast_exception Runtime1 stub
J 372 C1 java.lang.Class.reflectionData()Ljava/lang/Class$ReflectionData; (49 bytes) @ 0x00000000034ab18b [0x00000000034aad60+0x42b]
j  java.lang.Class.privateGetDeclaredFields(Z)[Ljava/lang/reflect/Field;+4
j  java.lang.Class.getDeclaredFields()[Ljava/lang/reflect/Field;+11
j  org.powermock.reflect.internal.WhiteboxImpl.getField(Ljava/lang/Class;Ljava/lang/String;)Ljava/lang/reflect/Field;+49
j  org.powermock.reflect.Whitebox.getField(Ljava/lang/Class;Ljava/lang/String;)Ljava/lang/reflect/Field;+2
j  org.powermock.classloading.DeepCloner.cloneFields(Ljava/lang/ClassLoader;Ljava/lang/Class;Ljava/lang/Object;Ljava/lang/Object;Ljava/util/Map;Z)V+67
j  org.powermock.classloading.DeepCloner.performClone(Ljava/lang/Class;Ljava/lang/Object;Z)Ljava/lang/Object;+168
j  org.powermock.classloading.DeepCloner.cloneFields(Ljava/lang/ClassLoader;Ljava/lang/Class;Ljava/lang/Object;Ljava/lang/Object;Ljava/util/Map;Z)V+214
j  org.powermock.classloading.DeepCloner.performClone(Ljava/lang/Class;Ljava/lang/Object;Z)Ljava/lang/Object;+168
j  org.powermock.classloading.DeepCloner.cloneFields(Ljava/lang/ClassLoader;Ljava/lang/Class;Ljava/lang/Object;Ljava/lang/Object;Ljava/util/Map;Z)V+214
j  org.powermock.classloading.DeepCloner.performClone(Ljava/lang/Class;Ljava/lang/Object;Z)Ljava/lang/Object;+168
j  org.powermock.classloading.DeepCloner.cloneFields(Ljava/lang/ClassLoader;Ljava/lang/Class;Ljava/lang/Object;Ljava/lang/Object;Ljava/util/Map;Z)V+214
j  org.powermock.classloading.DeepCloner.performClone(Ljava/lang/Class;Ljava/lang/Object;Z)Ljava/lang/Object;+168
j  org.powermock.classloading.DeepCloner.cloneFields(Ljava/lang/ClassLoader;Ljava/lang/Class;Ljava/lang/Object;Ljava/lang/Object;Ljava/util/Map;Z)V+214
j  org.powermock.classloading.DeepCloner.performClone(Ljava/lang/Class;Ljava/lang/Object;Z)Ljava/lang/Object;+168
j  org.powermock.classloading.DeepCloner.clone(Ljava/lang/Object;Z)Ljava/lang/Object;+18
j  org.powermock.classloading.DeepCloner.clone(Ljava/lang/Object;)Ljava/lang/Object;+3
j  org.powermock.classloading.ClassloaderExecutor.execute(Ljava/lang/Object;Ljava/lang/reflect/Method;[Ljava/lang/Object;)Ljava/lang/Object;+13
j  org.powermock.classloading.ClassloaderExecutor.execute(Ljava/lang/Runnable;)V+26
j  org.powermock.modules.junit4.rule.PowerMockStatement.evaluate()V+12
j  org.junit.runners.ParentRunner.runLeaf(Lorg/junit/runners/model/Statement;Lorg/junit/runner/Description;Lorg/junit/runner/notification/RunNotifier;)V+17
j  org.junit.runners.BlockJUnit4ClassRunner.runChild(Lorg/junit/runners/model/FrameworkMethod;Lorg/junit/runner/notification/RunNotifier;)V+32
j  org.junit.runners.BlockJUnit4ClassRunner.runChild(Ljava/lang/Object;Lorg/junit/runner/notification/RunNotifier;)V+6
j  org.junit.runners.ParentRunner$3.run()V+12
j  org.junit.runners.ParentRunner$1.schedule(Ljava/lang/Runnable;)V+1
j  org.junit.runners.ParentRunner.runChildren(Lorg/junit/runner/notification/RunNotifier;)V+40
j  org.junit.runners.ParentRunner.access$000(Lorg/junit/runners/ParentRunner;Lorg/junit/runner/notification/RunNotifier;)V+2
j  org.junit.runners.ParentRunner$2.evaluate()V+8
j  org.junit.internal.runners.statements.RunBefores.evaluate()V+49
j  org.junit.internal.runners.statements.RunAfters.evaluate()V+12
j  org.junit.runners.ParentRunner.run(Lorg/junit/runner/notification/RunNotifier;)V+20
j  fi.helsinki.cs.tmc.testrunner.TestRunner$TestingRunnable.runTestCase(Lfi/helsinki/cs/tmc/testrunner/TestCase;)V+62
j  fi.helsinki.cs.tmc.testrunner.TestRunner$TestingRunnable.doRun()V+68
j  fi.helsinki.cs.tmc.testrunner.TestRunner$TestingRunnable.run()V+1
j  java.lang.Thread.run()V+11
v  ~StubRoutines::call_stub

---------------  P R O C E S S  ---------------

Java Threads: ( => current thread )
=>0x000000001ef37800 JavaThread "TestRunner thread" daemon [_thread_in_vm, id=3428, stack(0x000000001fbc0000,0x000000001fcc0000)]
  0x000000001ed69000 JavaThread "Service Thread" daemon [_thread_blocked, id=5304, stack(0x000000001f890000,0x000000001f990000)]
  0x000000001ecd6000 JavaThread "C1 CompilerThread3" daemon [_thread_blocked, id=12976, stack(0x000000001f790000,0x000000001f890000)]
  0x000000001ecd2000 JavaThread "C2 CompilerThread2" daemon [_thread_blocked, id=11636, stack(0x000000001f690000,0x000000001f790000)]
  0x000000001ecce000 JavaThread "C2 CompilerThread1" daemon [_thread_in_native, id=7524, stack(0x000000001f590000,0x000000001f690000)]
  0x000000001ecca000 JavaThread "C2 CompilerThread0" daemon [_thread_blocked, id=11340, stack(0x000000001f490000,0x000000001f590000)]
  0x000000001ecc9000 JavaThread "Attach Listener" daemon [_thread_blocked, id=12504, stack(0x000000001f390000,0x000000001f490000)]
  0x000000001ecc8000 JavaThread "Signal Dispatcher" daemon [_thread_blocked, id=11988, stack(0x000000001f290000,0x000000001f390000)]
  0x00000000032a9000 JavaThread "Finalizer" daemon [_thread_blocked, id=7800, stack(0x000000001f0a0000,0x000000001f1a0000)]
  0x00000000032a7800 JavaThread "Reference Handler" daemon [_thread_blocked, id=10384, stack(0x000000001eba0000,0x000000001eca0000)]
  0x0000000000ffe800 JavaThread "main" [_thread_blocked, id=8868, stack(0x00000000030b0000,0x00000000031b0000)]

Other Threads:
  0x000000001cda9800 VMThread [stack: 0x000000001eaa0000,0x000000001eba0000] [id=6204]
  0x000000001ed75800 WatcherThread [stack: 0x000000001fac0000,0x000000001fbc0000] [id=12196]

VM state:not at safepoint (normal execution)

VM Mutex/Monitor currently owned by a thread: None

Heap:
 PSYoungGen      total 76288K, used 24918K [0x000000076af00000, 0x0000000770400000, 0x00000007c0000000)
  eden space 65536K, 38% used [0x000000076af00000,0x000000076c755ae0,0x000000076ef00000)
  from space 10752K, 0% used [0x000000076f980000,0x000000076f980000,0x0000000770400000)
  to   space 10752K, 0% used [0x000000076ef00000,0x000000076ef00000,0x000000076f980000)
 ParOldGen       total 175104K, used 0K [0x00000006c0c00000, 0x00000006cb700000, 0x000000076af00000)
  object space 175104K, 0% used [0x00000006c0c00000,0x00000006c0c00000,0x00000006cb700000)
 Metaspace       used 7316K, capacity 7592K, committed 7680K, reserved 1056768K
  class space    used 835K, capacity 945K, committed 1024K, reserved 1048576K

Card table byte_map: [0x0000000012670000,0x0000000012e70000] byte_map_base: 0x000000000f06a000

Marking Bits: (ParMarkBitMap*) 0x00000000713bd850
 Begin Bits: [0x0000000013bd0000, 0x0000000017ba0000)
 End Bits:   [0x0000000017ba0000, 0x000000001bb70000)

Polling page: 0x00000000018b0000

CodeCache: size=245760Kb used=3197Kb max_used=3197Kb free=242562Kb
 bounds [0x00000000032b0000, 0x00000000035e0000, 0x00000000122b0000]
 total_blobs=1106 nmethods=806 adapters=213
 compilation: enabled

Compilation events (10 events):
Event: 1.504 Thread 0x000000001ecd6000  803       3       jdk.internal.org.objectweb.asm.ByteVector::putByteArray (49 bytes)
Event: 1.505 Thread 0x000000001ecd6000 nmethod 803 0x00000000035cea90 code [0x00000000035cec00, 0x00000000035cef38]
Event: 1.505 Thread 0x000000001ecd6000  804       3       jdk.internal.org.objectweb.asm.ByteVector::enlarge (51 bytes)
Event: 1.505 Thread 0x000000001ecd6000 nmethod 804 0x00000000035cf050 code [0x00000000035cf1c0, 0x00000000035cf4e8]
Event: 1.507 Thread 0x000000001ecd6000  805       3       java.lang.invoke.MethodType::makeImpl (66 bytes)
Event: 1.508 Thread 0x000000001ecd6000 nmethod 805 0x00000000035cf5d0 code [0x00000000035cf7c0, 0x00000000035d0028]
Event: 1.509 Thread 0x000000001ecd6000  806       3       java.util.zip.ZipFile$ZipFileInflaterInputStream::<init> (29 bytes)
Event: 1.510 Thread 0x000000001ecd6000 nmethod 806 0x00000000035d0350 code [0x00000000035d04c0, 0x00000000035d06c8]
Event: 1.510 Thread 0x000000001ecd6000  807       3       java.util.zip.InflaterInputStream::<init> (79 bytes)
Event: 1.510 Thread 0x000000001ecd6000 nmethod 807 0x00000000035d0790 code [0x00000000035d0940, 0x00000000035d1038]

GC Heap History (0 events):
No events

Deoptimization events (6 events):
Event: 0.329 Thread 0x000000001ef37800 Uncommon trap: reason=unstable_if action=reinterpret pc=0x000000000341c454 method=java.lang.String.indexOf([CII[CIII)I @ 123
Event: 0.329 Thread 0x000000001ef37800 Uncommon trap: reason=unstable_if action=reinterpret pc=0x000000000340bec4 method=java.lang.String.indexOf([CII[CIII)I @ 123
Event: 0.442 Thread 0x000000001ef37800 Uncommon trap: reason=unstable_if action=reinterpret pc=0x000000000346be2c method=java.lang.String.indexOf([CII[CIII)I @ 134
Event: 1.260 Thread 0x000000001ef37800 Uncommon trap: reason=unstable_if action=reinterpret pc=0x000000000345ec18 method=java.util.HashMap.getNode(ILjava/lang/Object;)Ljava/util/HashMap$Node; @ 84
Event: 1.260 Thread 0x000000001ef37800 Uncommon trap: reason=unstable_if action=reinterpret pc=0x00000000034543a8 method=java.util.HashMap.getNode(ILjava/lang/Object;)Ljava/util/HashMap$Node; @ 84
Event: 1.363 Thread 0x000000001ef37800 Uncommon trap: reason=unstable_if action=reinterpret pc=0x00000000033ecb00 method=java.lang.CharacterData.of(I)Ljava/lang/CharacterData; @ 4

Internal exceptions (9 events):
Event: 0.077 Thread 0x0000000000ffe800 Exception <a 'java/lang/NoSuchMethodError': Method sun.misc.Unsafe.defineClass(Ljava/lang/String;[BII)Ljava/lang/Class; name or signature does not match> (0x000000076af07ca8) thrown at [C:\re\workspace\8-2-build-windows-amd64-cygwin\jdk8u141\9370\hotspot\
Event: 0.077 Thread 0x0000000000ffe800 Exception <a 'java/lang/NoSuchMethodError': Method sun.misc.Unsafe.prefetchRead(Ljava/lang/Object;J)V name or signature does not match> (0x000000076af07f90) thrown at [C:\re\workspace\8-2-build-windows-amd64-cygwin\jdk8u141\9370\hotspot\src\share\vm\prims
Event: 0.146 Thread 0x0000000000ffe800 Exception <a 'java/io/FileNotFoundException'> (0x000000076af738b0) thrown at [C:\re\workspace\8-2-build-windows-amd64-cygwin\jdk8u141\9370\hotspot\src\share\vm\prims\jni.cpp, line 709]
Event: 0.334 Thread 0x000000001ef37800 Exception <a 'java/security/PrivilegedActionException'> (0x000000076b49a1b0) thrown at [C:\re\workspace\8-2-build-windows-amd64-cygwin\jdk8u141\9370\hotspot\src\share\vm\prims\jvm.cpp, line 1390]
Event: 0.334 Thread 0x000000001ef37800 Exception <a 'java/security/PrivilegedActionException'> (0x000000076b49a5a8) thrown at [C:\re\workspace\8-2-build-windows-amd64-cygwin\jdk8u141\9370\hotspot\src\share\vm\prims\jvm.cpp, line 1390]
Event: 0.335 Thread 0x000000001ef37800 Exception <a 'java/security/PrivilegedActionException'> (0x000000076b49e5e8) thrown at [C:\re\workspace\8-2-build-windows-amd64-cygwin\jdk8u141\9370\hotspot\src\share\vm\prims\jvm.cpp, line 1390]
Event: 0.335 Thread 0x000000001ef37800 Exception <a 'java/security/PrivilegedActionException'> (0x000000076b49e9e0) thrown at [C:\re\workspace\8-2-build-windows-amd64-cygwin\jdk8u141\9370\hotspot\src\share\vm\prims\jvm.cpp, line 1390]
Event: 0.601 Thread 0x000000001ef37800 Exception <a 'java/lang/NoSuchFieldError': method resolution failed> (0x000000076bcc5bc0) thrown at [C:\re\workspace\8-2-build-windows-amd64-cygwin\jdk8u141\9370\hotspot\src\share\vm\prims\methodHandles.cpp, line 1146]
Event: 0.604 Thread 0x000000001ef37800 Exception <a 'java/lang/NoSuchFieldError': method resolution failed> (0x000000076bcd3680) thrown at [C:\re\workspace\8-2-build-windows-amd64-cygwin\jdk8u141\9370\hotspot\src\share\vm\prims\methodHandles.cpp, line 1146]

Events (10 events):
Event: 1.506 loading class java/io/ObjectInputStream$ValidationList
Event: 1.506 loading class java/io/ObjectInputStream$ValidationList done
Event: 1.506 loading class sun/misc/ObjectInputFilter$Config
Event: 1.506 loading class sun/misc/ObjectInputFilter$Config done
Event: 1.506 loading class sun/misc/ObjectInputFilter
Event: 1.507 loading class sun/misc/ObjectInputFilter done
Event: 1.509 loading class org/powermock/classloading/DeepCloner$UnsafeFieldWriter
Event: 1.509 loading class org/powermock/classloading/DeepCloner$UnsafeFieldWriter done
Event: 1.510 loading class sun/reflect/UnsafeQualifiedStaticObjectFieldAccessorImpl
Event: 1.511 loading class sun/reflect/UnsafeQualifiedStaticObjectFieldAccessorImpl done


Dynamic libraries:
0x00007ff776830000 - 0x00007ff776867000 	C:\ProgramData\Oracle\Java\javapath\java.exe
0x00007ffe2d910000 - 0x00007ffe2daeb000 	C:\WINDOWS\SYSTEM32\ntdll.dll
0x00007ffe2d620000 - 0x00007ffe2d6ce000 	C:\WINDOWS\System32\KERNEL32.DLL
0x00007ffe2a1b0000 - 0x00007ffe2a3f9000 	C:\WINDOWS\System32\KERNELBASE.dll
0x00007ffe2d140000 - 0x00007ffe2d1e1000 	C:\WINDOWS\System32\ADVAPI32.dll
0x00007ffe2ae70000 - 0x00007ffe2af0d000 	C:\WINDOWS\System32\msvcrt.dll
0x00007ffe2b180000 - 0x00007ffe2b1d9000 	C:\WINDOWS\System32\sechost.dll
0x00007ffe2aff0000 - 0x00007ffe2b115000 	C:\WINDOWS\System32\RPCRT4.dll
0x00007ffe2b290000 - 0x00007ffe2b3da000 	C:\WINDOWS\System32\USER32.dll
0x00007ffe2a190000 - 0x00007ffe2a1ae000 	C:\WINDOWS\System32\win32u.dll
0x00007ffe2d2c0000 - 0x00007ffe2d2e7000 	C:\WINDOWS\System32\GDI32.dll
0x00007ffe29e90000 - 0x00007ffe2a017000 	C:\WINDOWS\System32\gdi32full.dll
0x00007ffe2ab00000 - 0x00007ffe2ab9a000 	C:\WINDOWS\System32\msvcp_win.dll
0x00007ffe2aba0000 - 0x00007ffe2ac96000 	C:\WINDOWS\System32\ucrtbase.dll
0x00007ffe1e0c0000 - 0x00007ffe1e327000 	C:\WINDOWS\WinSxS\amd64_microsoft.windows.common-controls_6595b64144ccf1df_6.0.15063.483_none_26002d27e7c744a2\COMCTL32.dll
0x00007ffe2d320000 - 0x00007ffe2d619000 	C:\WINDOWS\System32\combase.dll
0x00007ffe2a120000 - 0x00007ffe2a18a000 	C:\WINDOWS\System32\bcryptPrimitives.dll
0x00007ffe2d2f0000 - 0x00007ffe2d31d000 	C:\WINDOWS\System32\IMM32.DLL
0x0000000071440000 - 0x0000000071512000 	C:\Program Files\Java\jre1.8.0_141\bin\msvcr100.dll
0x0000000070ba0000 - 0x000000007143d000 	C:\Program Files\Java\jre1.8.0_141\bin\server\jvm.dll
0x00007ffe2d790000 - 0x00007ffe2d798000 	C:\WINDOWS\System32\PSAPI.DLL
0x00007ffe1c0b0000 - 0x00007ffe1c0b9000 	C:\WINDOWS\SYSTEM32\WSOCK32.dll
0x00007ffe2d1f0000 - 0x00007ffe2d25c000 	C:\WINDOWS\System32\WS2_32.dll
0x00007ffe22580000 - 0x00007ffe225a3000 	C:\WINDOWS\SYSTEM32\WINMM.dll
0x00007ffe22a80000 - 0x00007ffe22a8a000 	C:\WINDOWS\SYSTEM32\VERSION.dll
0x00007ffe22550000 - 0x00007ffe2257b000 	C:\WINDOWS\SYSTEM32\winmmbase.dll
0x00007ffe2a020000 - 0x00007ffe2a069000 	C:\WINDOWS\System32\cfgmgr32.dll
0x0000000070b90000 - 0x0000000070b9f000 	C:\Program Files\Java\jre1.8.0_141\bin\verify.dll
0x0000000070b60000 - 0x0000000070b89000 	C:\Program Files\Java\jre1.8.0_141\bin\java.dll
0x0000000070b40000 - 0x0000000070b56000 	C:\Program Files\Java\jre1.8.0_141\bin\zip.dll
0x00007ffe2b3e0000 - 0x00007ffe2c816000 	C:\WINDOWS\System32\SHELL32.dll
0x00007ffe2cc90000 - 0x00007ffe2cd3a000 	C:\WINDOWS\System32\shcore.dll
0x00007ffe2a400000 - 0x00007ffe2aaf1000 	C:\WINDOWS\System32\windows.storage.dll
0x00007ffe2af90000 - 0x00007ffe2afe1000 	C:\WINDOWS\System32\shlwapi.dll
0x00007ffe29df0000 - 0x00007ffe29e01000 	C:\WINDOWS\System32\kernel.appcore.dll
0x00007ffe29da0000 - 0x00007ffe29dec000 	C:\WINDOWS\System32\powrprof.dll
0x00007ffe29d80000 - 0x00007ffe29d95000 	C:\WINDOWS\System32\profapi.dll
0x00007ffe25330000 - 0x00007ffe254d9000 	C:\WINDOWS\SYSTEM32\dbghelp.dll

VM Arguments:
jvm_args: -Dtmc.test_class_dir=C:\Users\henni niemi\Documents\NetBeansProjects\aalto-biz-2017-prog-1\week3-046.AverageOfGivenNumbers\test -Dtmc.results_file=C:\Users\henni niemi\Documents\NetBeansProjects\aalto-biz-2017-prog-1\week3-046.AverageOfGivenNumbers\results.txt 
java_command: fi.helsinki.cs.tmc.testrunner.Main AverageOfGivenNumbersTest.averageRight1{46} AverageOfGivenNumbersTest.averageRight2{46} AverageOfGivenNumbersTest.helperMethodUsed1{46} AverageOfGivenNumbersTest.testSum{46} AverageOfGivenNumbersTest.testAverage{46} AverageOfGivenNumbersTest.testMain{46}
java_class_path (initial): C:\Users\henni niemi\Documents\NetBeansProjects\aalto-biz-2017-prog-1\week3-046.AverageOfGivenNumbers;C:\Users\henni niemi\Documents\NetBeansProjects\aalto-biz-2017-prog-1\week3-046.AverageOfGivenNumbers\lib;C:\Users\henni niemi\Documents\NetBeansProjects\aalto-biz-2017-prog-1\week3-046.AverageOfGivenNumbers\lib\cglib-nodep-2.2.2.jar;C:\Users\henni niemi\Documents\NetBeansProjects\aalto-biz-2017-prog-1\week3-046.AverageOfGivenNumbers\lib\easymock-3.2.jar;C:\Users\henni niemi\Documents\NetBeansProjects\aalto-biz-2017-prog-1\week3-046.AverageOfGivenNumbers\lib\edu-test-utils-0.4.2.jar;C:\Users\henni niemi\Documents\NetBeansProjects\aalto-biz-2017-prog-1\week3-046.AverageOfGivenNumbers\lib\hamcrest-core-1.3.jar;C:\Users\henni niemi\Documents\NetBeansProjects\aalto-biz-2017-prog-1\week3-046.AverageOfGivenNumbers\lib\javassist-3.18.2-GA.jar;C:\Users\henni niemi\Documents\NetBeansProjects\aalto-biz-2017-prog-1\week3-046.AverageOfGivenNumbers\lib\junit-4.11.jar;C:\Users\henni niemi\Documents\NetBeansProjects\aalto-biz-2017-prog-1\week3-046.AverageOfGivenNumbers\lib\objenesis-2.1.jar;C:\Users\henni niemi\Documents\NetBeansProjects\aalto-biz-2017-prog-1\week3-046.AverageOfGivenNumbers\lib\powermock-classloading-base-1.5.5.jar;C:\Users\henni niemi\Documents\NetBeansProjects\aalto-biz-2017-prog-1\week3-046.AverageOfGivenNumbers\lib\powermock-classloading-objenesis-1.5.5.jar;C:\Users\henni niemi\Documents\NetBeansProjects\aalto-biz-2017-prog-1\week3-046.AverageOfGivenNumbers\lib\powermock-easymock-1.5.5-full.jar;C:\Users\henni niemi\Documents\NetBeansProjects\aalto-biz-2017-prog-1\week3-046.AverageOfGivenNumbers\lib\powermock-module-junit4-rule-1.5.5.jar;C:\Users\henni niemi\Documents\NetBeansProjects\aalto-biz-2017-prog-1\week3-046.AverageOfGivenNumbers\lib\testrunner;C:\Users\henni niemi\Documents\NetBeansProjects\aalto-biz-2017-prog-1\week3-046.AverageOfGivenNumbers\lib\testrunner\gson-2.2.4.jar;C:\Users\henni niemi\Documents\NetBeansProjects\aal
Launcher Type: SUN_STANDARD

Environment Variables:
PATH=C:\ProgramData\Oracle\Java\javapath;C:\WINDOWS\system32;C:\WINDOWS;C:\WINDOWS\System32\Wbem;C:\WINDOWS\System32\WindowsPowerShell\v1.0\;C:\Program Files (x86)\Skype\Phone\;C:\Program Files\IBM\SPSS\Statistics\23\JRE\bin;C:\Program Files (x86)\NVIDIA Corporation\PhysX\Common;C:\WINDOWS\system32;C:\WINDOWS;C:\WINDOWS\System32\Wbem;C:\WINDOWS\System32\WindowsPowerShell\v1.0\;C:\Program Files\Java\jdk1.8.0_141;
USERNAME=henni niemi
OS=Windows_NT
PROCESSOR_IDENTIFIER=Intel64 Family 6 Model 60 Stepping 3, GenuineIntel



---------------  S Y S T E M  ---------------

OS: Windows 10.0 , 64 bit Build 15063 (10.0.15063.296)

CPU:total 8 (initial active 8) (4 cores per cpu, 2 threads per core) family 6 model 60 stepping 3, cmov, cx8, fxsr, mmx, sse, sse2, sse3, ssse3, sse4.1, sse4.2, popcnt, avx, avx2, aes, clmul, erms, lzcnt, ht, tsc, tscinvbit, bmi1, bmi2

Memory: 4k page, physical 16722200k(10604760k free), swap 19212568k(11935320k free)

vm_info: Java HotSpot(TM) 64-Bit Server VM (25.141-b15) for windows-amd64 JRE (1.8.0_141-b15), built on Jul 12 2017 04:25:12 by "java_re" with MS VC++ 10.0 (VS2010)

time: Thu Oct 12 22:38:44 2017
elapsed time: 1 seconds (0d 0h 0m 1s)

